<?xml version="1.0" encoding="UTF-8"?>
<!-- Generated by org.testng.reporters.JUnitXMLReporter -->
<testsuite hostname="DAWN" ignored="0" name="Test Vargant coding Round tests" tests="3" failures="0" timestamp="02 Jun 2019 13:23:46 GMT" time="121.082" errors="0">
  <testcase name="shouldThrowAnErrorIfSignInDetailsAreMissing" time="23.388" classname="testvagrantCodingRound.test.SignInTest"/>
  <testcase name="shouldBeAbleToSearchForHotels" time="46.681" classname="testvagrantCodingRound.test.HotelBookingTest"/>
  <testcase name="testThatResultsAppearForAOneWayJourney" time="18.061" classname="testvagrantCodingRound.test.FlightBookingTest"/>
</testsuite> <!-- Test Vargant coding Round tests -->
