<?xml version="1.0" encoding="UTF-8"?>
<!-- Generated by org.testng.reporters.JUnitXMLReporter -->
<testsuite hostname="DAWN" ignored="0" name="Test Vargant coding Round tests" tests="3" failures="0" timestamp="08 Jun 2019 19:55:10 GMT" time="50.544" errors="0">
  <testcase name="shouldThrowAnErrorIfSignInDetailsAreMissing" time="15.906" classname="testvagrantCodingRound.test.SignInTest"/>
  <testcase name="testThatResultsAppearForAOneWayJourney" time="18.859" classname="testvagrantCodingRound.test.FlightBookingTest"/>
  <testcase name="shouldBeAbleToSearchForHotels" time="18.413" classname="testvagrantCodingRound.test.HotelBookingTest"/>
</testsuite> <!-- Test Vargant coding Round tests -->
