<?xml version="1.0" encoding="UTF-8"?>
<testng-results skipped="0" failed="0" ignored="0" total="1" passed="1">
  <reporter-output>
  </reporter-output>
  <suite name="Default suite" duration-ms="60109" started-at="2019-06-04T02:35:07Z" finished-at="2019-06-04T02:36:07Z">
    <groups>
    </groups>
    <test name="Default test" duration-ms="60109" started-at="2019-06-04T02:35:07Z" finished-at="2019-06-04T02:36:07Z">
      <class name="testvagrantCodingRound.test.HotelBookingTest">
        <test-method status="PASS" signature="setup()[pri:0, instance:testvagrantCodingRound.test.HotelBookingTest@5c7fa833]" name="setup" is-config="true" duration-ms="20012" started-at="2019-06-04T08:05:07Z" finished-at="2019-06-04T08:05:27Z">
          <reporter-output>
          </reporter-output>
        </test-method> <!-- setup -->
        <test-method status="PASS" signature="shouldBeAbleToSearchForHotels()[pri:0, instance:testvagrantCodingRound.test.HotelBookingTest@5c7fa833]" name="shouldBeAbleToSearchForHotels" duration-ms="36257" started-at="2019-06-04T08:05:27Z" finished-at="2019-06-04T08:06:03Z">
          <reporter-output>
          </reporter-output>
        </test-method> <!-- shouldBeAbleToSearchForHotels -->
        <test-method status="PASS" signature="clear()[pri:0, instance:testvagrantCodingRound.test.HotelBookingTest@5c7fa833]" name="clear" is-config="true" duration-ms="3794" started-at="2019-06-04T08:06:03Z" finished-at="2019-06-04T08:06:07Z">
          <reporter-output>
          </reporter-output>
        </test-method> <!-- clear -->
      </class> <!-- testvagrantCodingRound.test.HotelBookingTest -->
    </test> <!-- Default test -->
  </suite> <!-- Default suite -->
</testng-results>
