<?xml version="1.0" encoding="UTF-8"?>
<testng-results skipped="0" failed="0" ignored="0" total="1" passed="1">
  <reporter-output>
  </reporter-output>
  <suite name="Default suite" duration-ms="20350" started-at="2019-06-02T14:53:21Z" finished-at="2019-06-02T14:53:41Z">
    <groups>
    </groups>
    <test name="Default test" duration-ms="20350" started-at="2019-06-02T14:53:21Z" finished-at="2019-06-02T14:53:41Z">
      <class name="testvagrantCodingRound.test.SignInTest">
        <test-method status="PASS" signature="setup()[pri:0, instance:testvagrantCodingRound.test.SignInTest@5c7fa833]" name="setup" is-config="true" duration-ms="13138" started-at="2019-06-02T20:23:21Z" finished-at="2019-06-02T20:23:34Z">
          <reporter-output>
          </reporter-output>
        </test-method> <!-- setup -->
        <test-method status="PASS" signature="shouldThrowAnErrorIfSignInDetailsAreMissing()[pri:0, instance:testvagrantCodingRound.test.SignInTest@5c7fa833]" name="shouldThrowAnErrorIfSignInDetailsAreMissing" duration-ms="6160" started-at="2019-06-02T20:23:34Z" finished-at="2019-06-02T20:23:40Z">
          <reporter-output>
          </reporter-output>
        </test-method> <!-- shouldThrowAnErrorIfSignInDetailsAreMissing -->
        <test-method status="PASS" signature="clear()[pri:0, instance:testvagrantCodingRound.test.SignInTest@5c7fa833]" name="clear" is-config="true" duration-ms="996" started-at="2019-06-02T20:23:40Z" finished-at="2019-06-02T20:23:41Z">
          <reporter-output>
          </reporter-output>
        </test-method> <!-- clear -->
      </class> <!-- testvagrantCodingRound.test.SignInTest -->
    </test> <!-- Default test -->
  </suite> <!-- Default suite -->
</testng-results>
